[WARNING] The `siteConfig.onBrokenMarkdownLinks` config option is deprecated and will be removed in Docusaurus v4.
Please migrate and move this option to `siteConfig.markdown.hooks.onBrokenMarkdownLinks` instead.
[INFO] [en] Creating an optimized production build...
[WARNING] The `siteConfig.onBrokenMarkdownLinks` config option is deprecated and will be removed in Docusaurus v4.
Please migrate and move this option to `siteConfig.markdown.hooks.onBrokenMarkdownLinks` instead.

[ERROR] Error: Unable to build website for locale en.
    at tryToBuildLocale (c:\Users\WorkUser\OneDrive\bat\pixore-wiki\node_modules\@docusaurus\core\lib\commands\build\build.js:76:15)
    at async c:\Users\WorkUser\OneDrive\bat\pixore-wiki\node_modules\@docusaurus\core\lib\commands\build\build.js:34:9
    at async mapAsyncSequential (c:\Users\WorkUser\OneDrive\bat\pixore-wiki\node_modules\@docusaurus\utils\lib\jsUtils.js:21:24)
    at async Command.build (c:\Users\WorkUser\OneDrive\bat\pixore-wiki\node_modules\@docusaurus\core\lib\commands\build\build.js:33:5)
    at async Promise.all (index 0)
    at async runCLI (c:\Users\WorkUser\OneDrive\bat\pixore-wiki\node_modules\@docusaurus\core\lib\commands\cli.js:56:5)
    at async file:///c:/Users/WorkUser/OneDrive/bat/pixore-wiki/node_modules/@docusaurus/core/bin/docusaurus.mjs:44:3 {
  [cause]: Error: Generating rss feed failed.
      at createBlogFeedFile (c:\Users\WorkUser\OneDrive\bat\pixore-wiki\node_modules\@docusaurus\plugin-content-blog\lib\feed.js:172:15)
      at async Promise.all (index 0)
      at async createBlogFeedFiles (c:\Users\WorkUser\OneDrive\bat\pixore-wiki\node_modules\@docusaurus\plugin-content-blog\lib\feed.js:195:5)
      at async Object.postBuild (c:\Users\WorkUser\OneDrive\bat\pixore-wiki\node_modules\@docusaurus\plugin-content-blog\lib\index.js:255:13)
      at async c:\Users\WorkUser\OneDrive\bat\pixore-wiki\node_modules\@docusaurus\core\lib\commands\build\buildLocale.js:110:9
      at async Promise.all (index 2)
      at async executePluginsPostBuild (c:\Users\WorkUser\OneDrive\bat\pixore-wiki\node_modules\@docusaurus\core\lib\commands\build\buildLocale.js:106:5)
      at async buildLocale (c:\Users\WorkUser\OneDrive\bat\pixore-wiki\node_modules\@docusaurus\core\lib\commands\build\buildLocale.js:96:5)
      at async runBuildLocaleTask (c:\Users\WorkUser\OneDrive\bat\pixore-wiki\node_modules\@docusaurus\core\lib\commands\build\build.js:91:5)
      at async c:\Users\WorkUser\OneDrive\bat\pixore-wiki\node_modules\@docusaurus\core\lib\commands\build\build.js:72:13 {
    [cause]: [Error: EBUSY: resource busy or locked, unlink 'c:\Users\WorkUser\OneDrive\bat\pixore-wiki\build\blog\rss.xsl'] {
      errno: -4082,
      code: 'EBUSY',
      syscall: 'unlink',
      path: 'c:\\Users\\WorkUser\\OneDrive\\bat\\pixore-wiki\\build\\blog\\rss.xsl'
    }
  }
}
[INFO] Docusaurus version: 3.10.0
Node version: v22.17.0
